<?xml version="1.0" encoding="UTF-8"?>
<testng-results ignored="0" total="2" passed="1" failed="1" skipped="0">
  <reporter-output>
  </reporter-output>
  <suite started-at="2023-09-27T00:40:15 IST" name="Default suite" finished-at="2023-09-27T00:40:44 IST" duration-ms="29147">
    <groups>
      <group name="SmokeSuite">
        <method signature="CreateOrganizationTest.orgPageCreation()[pri:0, instance:com.Organization.CreateOrganizationTest@273e7444]" name="orgPageCreation" class="com.Organization.CreateOrganizationTest"/>
      </group> <!-- SmokeSuite -->
    </groups>
    <test started-at="2023-09-27T00:40:15 IST" name="Default test" finished-at="2023-09-27T00:40:44 IST" duration-ms="29147">
      <class name="com.Organization.CreateOrganizationTest">
        <test-method is-config="true" signature="bsConfig()[pri:0, instance:com.Organization.CreateOrganizationTest@273e7444]" started-at="2023-09-27T00:40:15 IST" name="bsConfig" finished-at="2023-09-27T00:40:15 IST" duration-ms="6" status="PASS">
          <reporter-output>
          </reporter-output>
        </test-method> <!-- bsConfig -->
        <test-method is-config="true" signature="bcConfig()[pri:0, instance:com.Organization.CreateOrganizationTest@273e7444]" started-at="2023-09-27T00:40:15 IST" name="bcConfig" finished-at="2023-09-27T00:40:18 IST" duration-ms="3601" status="PASS">
          <reporter-output>
          </reporter-output>
        </test-method> <!-- bcConfig -->
        <test-method is-config="true" signature="bmConfig()[pri:0, instance:com.Organization.CreateOrganizationTest@273e7444]" started-at="2023-09-27T00:40:18 IST" name="bmConfig" finished-at="2023-09-27T00:40:21 IST" duration-ms="2430" status="PASS">
          <reporter-output>
          </reporter-output>
        </test-method> <!-- bmConfig -->
        <test-method signature="orgPageCreation()[pri:0, instance:com.Organization.CreateOrganizationTest@273e7444]" started-at="2023-09-27T00:40:21 IST" name="orgPageCreation" finished-at="2023-09-27T00:40:35 IST" duration-ms="13910" status="PASS">
          <reporter-output>
          </reporter-output>
        </test-method> <!-- orgPageCreation -->
        <test-method is-config="true" signature="amConfig()[pri:0, instance:com.Organization.CreateOrganizationTest@273e7444]" started-at="2023-09-27T00:40:35 IST" name="amConfig" finished-at="2023-09-27T00:40:36 IST" duration-ms="1558" status="PASS">
          <reporter-output>
          </reporter-output>
        </test-method> <!-- amConfig -->
        <test-method is-config="true" signature="bmConfig()[pri:0, instance:com.Organization.CreateOrganizationTest@273e7444]" started-at="2023-09-27T00:40:36 IST" name="bmConfig" finished-at="2023-09-27T00:40:39 IST" duration-ms="2546" status="PASS">
          <reporter-output>
          </reporter-output>
        </test-method> <!-- bmConfig -->
        <test-method signature="regional()[pri:0, instance:com.Organization.CreateOrganizationTest@273e7444]" started-at="2023-09-27T00:40:39 IST" name="regional" finished-at="2023-09-27T00:40:39 IST" duration-ms="2" status="FAIL">
          <exception class="java.lang.AssertionError">
            <message>
              <![CDATA[null]]>
            </message>
            <full-stacktrace>
              <![CDATA[java.lang.AssertionError: null
at org.testng.Assert.fail(Assert.java:99)
at org.testng.Assert.fail(Assert.java:106)
at com.Organization.CreateOrganizationTest.regional(CreateOrganizationTest.java:45)
at java.base/jdk.internal.reflect.NativeMethodAccessorImpl.invoke0(Native Method)
at java.base/jdk.internal.reflect.NativeMethodAccessorImpl.invoke(NativeMethodAccessorImpl.java:77)
at java.base/jdk.internal.reflect.DelegatingMethodAccessorImpl.invoke(DelegatingMethodAccessorImpl.java:43)
at java.base/java.lang.reflect.Method.invoke(Method.java:568)
at org.testng.internal.MethodInvocationHelper.invokeMethod(MethodInvocationHelper.java:133)
at org.testng.internal.TestInvoker.invokeMethod(TestInvoker.java:598)
at org.testng.internal.TestInvoker.invokeTestMethod(TestInvoker.java:173)
at org.testng.internal.MethodRunner.runInSequence(MethodRunner.java:46)
at org.testng.internal.TestInvoker$MethodInvocationAgent.invoke(TestInvoker.java:824)
at org.testng.internal.TestInvoker.invokeTestMethods(TestInvoker.java:146)
at org.testng.internal.TestMethodWorker.invokeTestMethods(TestMethodWorker.java:146)
at org.testng.internal.TestMethodWorker.run(TestMethodWorker.java:128)
at java.base/java.util.ArrayList.forEach(ArrayList.java:1511)
at org.testng.TestRunner.privateRun(TestRunner.java:794)
at org.testng.TestRunner.run(TestRunner.java:596)
at org.testng.SuiteRunner.runTest(SuiteRunner.java:377)
at org.testng.SuiteRunner.runSequentially(SuiteRunner.java:371)
at org.testng.SuiteRunner.privateRun(SuiteRunner.java:332)
at org.testng.SuiteRunner.run(SuiteRunner.java:276)
at org.testng.SuiteRunnerWorker.runSuite(SuiteRunnerWorker.java:53)
at org.testng.SuiteRunnerWorker.run(SuiteRunnerWorker.java:96)
at org.testng.TestNG.runSuitesSequentially(TestNG.java:1212)
at org.testng.TestNG.runSuitesLocally(TestNG.java:1134)
at org.testng.TestNG.runSuites(TestNG.java:1063)
at org.testng.TestNG.run(TestNG.java:1031)
at org.testng.remote.AbstractRemoteTestNG.run(AbstractRemoteTestNG.java:115)
at org.testng.remote.RemoteTestNG.initAndRun(RemoteTestNG.java:251)
at org.testng.remote.RemoteTestNG.main(RemoteTestNG.java:77)
]]>
            </full-stacktrace>
          </exception> <!-- java.lang.AssertionError -->
          <reporter-output>
          </reporter-output>
        </test-method> <!-- regional -->
        <test-method is-config="true" signature="amConfig()[pri:0, instance:com.Organization.CreateOrganizationTest@273e7444]" started-at="2023-09-27T00:40:39 IST" name="amConfig" finished-at="2023-09-27T00:40:42 IST" duration-ms="3696" status="PASS">
          <reporter-output>
          </reporter-output>
        </test-method> <!-- amConfig -->
        <test-method is-config="true" signature="acConfig()[pri:0, instance:com.Organization.CreateOrganizationTest@273e7444]" started-at="2023-09-27T00:40:42 IST" name="acConfig" finished-at="2023-09-27T00:40:44 IST" duration-ms="1222" status="PASS">
          <reporter-output>
          </reporter-output>
        </test-method> <!-- acConfig -->
        <test-method is-config="true" signature="asConfig()[pri:0, instance:com.Organization.CreateOrganizationTest@273e7444]" started-at="2023-09-27T00:40:44 IST" name="asConfig" finished-at="2023-09-27T00:40:44 IST" duration-ms="0" status="PASS">
          <reporter-output>
          </reporter-output>
        </test-method> <!-- asConfig -->
      </class> <!-- com.Organization.CreateOrganizationTest -->
    </test> <!-- Default test -->
  </suite> <!-- Default suite -->
</testng-results>
